2025-12-05 01:08:42,598 [INFO] Enabled TF32 for faster FP32 matmuls (Ampere+ GPUs)
2025-12-05 01:08:42,599 [INFO] ================================================================================
2025-12-05 01:08:42,599 [INFO] Starting training run
2025-12-05 01:08:42,599 [INFO] ================================================================================
2025-12-05 01:08:42,599 [INFO] Run Number: 16
2025-12-05 01:08:42,599 [INFO] Run Name: run16_greedy_ema_warmcos
2025-12-05 01:08:42,599 [INFO] Run Purpose: Greedy-only: Warmup→Cosine, EMA=0.999, bf16/amp, grad_accum=2, clip=1.0. Slightly higher peak LR and longer cosine tail to reduce PER without beam.
2025-12-05 01:08:42,600 [INFO] Output directory: /home/bciuser/projects/neural_seq_decoder/data/checkpoints/run16_greedy_ema_warmcos
2025-12-05 01:08:42,600 [INFO] Dataset path: /home/bciuser/projects/neural_seq_decoder/data/formatted/ptDecoder_ctc
2025-12-05 01:08:42,600 [INFO] Batch size: 32
2025-12-05 01:08:42,600 [INFO] Total batches: 12000
2025-12-05 01:08:42,600 [INFO] Seed: 0
2025-12-05 01:08:44,813 [INFO] Dataset loaded: 24 training days
2025-12-05 01:08:44,813 [INFO] Training samples: 8800
2025-12-05 01:08:44,813 [INFO] Test samples: 880
2025-12-05 01:08:44,813 [INFO] ================================================================================
2025-12-05 01:08:44,813 [INFO] Model Architecture
2025-12-05 01:08:44,813 [INFO] ================================================================================
2025-12-05 01:08:44,814 [INFO] Input features: 256
2025-12-05 01:08:44,814 [INFO] Hidden units: 1024
2025-12-05 01:08:44,814 [INFO] GRU layers: 5
2025-12-05 01:08:44,814 [INFO] Output classes: 40 (+ 1 blank = 41)
2025-12-05 01:08:44,814 [INFO] Days (per-day embeddings): 24
2025-12-05 01:08:44,814 [INFO] Dropout: 0.4
2025-12-05 01:08:44,814 [INFO] Input dropout: 0.0
2025-12-05 01:08:44,814 [INFO] Layer norm: True
2025-12-05 01:08:44,814 [INFO] Bidirectional: True
2025-12-05 01:08:44,814 [INFO] Stride length: 4, Kernel length: 32
/opt/conda/lib/python3.10/site-packages/torch/functional.py:554: UserWarning: torch.meshgrid: in an upcoming release, it will be required to pass the indexing argument. (Triggered internally at /pytorch/aten/src/ATen/native/TensorShape.cpp:4314.)
  return _VF.meshgrid(tensors, **kwargs)  # type: ignore[attr-defined]
2025-12-05 01:08:48,186 [INFO] Enabled cuDNN benchmark for faster training
2025-12-05 01:08:48,187 [INFO] Total parameters: 135,424,553 (135.42M)
2025-12-05 01:08:48,187 [INFO] Trainable parameters: 135,424,553
2025-12-05 01:08:48,187 [INFO] ================================================================================
2025-12-05 01:08:48,187 [INFO] CTC Sanity Checks
2025-12-05 01:08:48,187 [INFO] ================================================================================
2025-12-05 01:08:48,187 [INFO] ✓ CTCLoss blank index: 0
2025-12-05 01:08:48,572 [INFO] ✓ T_eff calculation verified (min=31, max=150)
2025-12-05 01:08:48,608 [INFO] ✓ Labels verified: no blanks in valid spans (labels>=1)
2025-12-05 01:08:48,609 [INFO] ✓ Input lengths: min=157, max=633
2025-12-05 01:08:48,609 [INFO] ✓ Target lengths: min=11, max=58
2025-12-05 01:08:48,609 [INFO] ✓ T_eff lengths: min=31, max=150
2025-12-05 01:08:48,610 [INFO] Using mixed precision BF16 (Ampere+)
/home/bciuser/projects/neural_seq_decoder/src/neural_decoder/neural_decoder_trainer.py:296: FutureWarning: `torch.cuda.amp.GradScaler(args...)` is deprecated. Please use `torch.amp.GradScaler('cuda', args...)` instead.
  scaler = torch.cuda.amp.GradScaler(enabled=(amp_dtype == torch.float16))
2025-12-05 01:08:48,611 [INFO]   Safety: log_softmax + CTCLoss computed in FP32
2025-12-05 01:08:49,709 [INFO] EMA enabled: decay=0.999
2025-12-05 01:08:49,709 [INFO] ================================================================================
2025-12-05 01:08:49,710 [INFO] Training Configuration
2025-12-05 01:08:49,710 [INFO] ================================================================================
2025-12-05 01:08:49,710 [INFO] Optimizer: ADAM
2025-12-05 01:08:49,710 [INFO] Peak LR: 0.0016 | End LR: 8e-06
2025-12-05 01:08:49,710 [INFO] Warmup steps: 1500 | Cosine steps: 10500
2025-12-05 01:08:49,710 [INFO] Weight decay: 1e-05
2025-12-05 01:08:49,710 [INFO] Gradient clipping: max_norm=1.0
2025-12-05 01:08:49,710 [INFO] CTC Decoding: Greedy (no beam)
2025-12-05 01:08:49,710 [INFO] Gradient accumulation: 2 steps (effective batch size: 64)
/home/bciuser/projects/neural_seq_decoder/src/neural_decoder/neural_decoder_trainer.py:391: FutureWarning: `torch.cuda.amp.autocast(args...)` is deprecated. Please use `torch.amp.autocast('cuda', args...)` instead.
  with torch.cuda.amp.autocast(enabled=True, dtype=amp_dtype):
/home/bciuser/projects/neural_seq_decoder/src/neural_decoder/augmentations.py:91: UserWarning: Using padding='same' with even kernel lengths and odd dilation may require a zero-padded copy of the input be created (Triggered internally at /pytorch/aten/src/ATen/native/Convolution.cpp:1036.)
  return self.conv(input, weight=self.weight, groups=self.groups, padding="same")
2025-12-05 01:08:56,724 [INFO] batch     0 | loss:  6.8382 | per:  0.9066 (ma:  0.9066) | lr: 0.000000 | time/batch(avg):  0.07s | mem: 2.23GB/8.33GB
2025-12-05 01:08:58,450 [INFO] ✓ New best checkpoint saved (PER: 0.9066)
2025-12-05 01:09:32,003 [INFO] batch   100 | loss:  6.7637 | per:  0.8979 (ma:  0.9022) | lr: 0.000053 | time/batch(avg):  0.35s | mem: 3.82GB/13.00GB
2025-12-05 01:09:39,167 [INFO] ✓ New best checkpoint saved (PER: 0.8979)
2025-12-05 01:10:13,825 [INFO] batch   200 | loss:  6.5667 | per:  0.8831 (ma:  0.8958) | lr: 0.000107 | time/batch(avg):  0.42s | mem: 3.82GB/15.16GB
2025-12-05 01:10:20,957 [INFO] ✓ New best checkpoint saved (PER: 0.8831)
2025-12-05 01:10:56,291 [INFO] batch   300 | loss:  6.2727 | per:  0.8870 (ma:  0.8936) | lr: 0.000160 | time/batch(avg):  0.42s | mem: 3.83GB/15.16GB
2025-12-05 01:11:31,755 [INFO] batch   400 | loss:  5.8716 | per:  0.8766 (ma:  0.8902) | lr: 0.000213 | time/batch(avg):  0.35s | mem: 3.82GB/15.17GB
2025-12-05 01:11:38,918 [INFO] ✓ New best checkpoint saved (PER: 0.8766)
2025-12-05 01:12:14,193 [INFO] batch   500 | loss:  5.3561 | per:  0.8587 (ma:  0.8850) | lr: 0.000267 | time/batch(avg):  0.42s | mem: 3.82GB/15.17GB
2025-12-05 01:12:21,369 [INFO] ✓ New best checkpoint saved (PER: 0.8587)
2025-12-05 01:12:57,324 [INFO] batch   600 | loss:  4.7481 | per:  0.8340 (ma:  0.8777) | lr: 0.000320 | time/batch(avg):  0.43s | mem: 3.82GB/15.17GB
2025-12-05 01:13:04,536 [INFO] ✓ New best checkpoint saved (PER: 0.8340)
2025-12-05 01:13:39,792 [INFO] batch   700 | loss:  4.0991 | per:  0.8017 (ma:  0.8682) | lr: 0.000373 | time/batch(avg):  0.42s | mem: 3.82GB/15.17GB
2025-12-05 01:13:47,083 [INFO] ✓ New best checkpoint saved (PER: 0.8017)
2025-12-05 01:14:22,344 [INFO] batch   800 | loss:  3.4816 | per:  0.7648 (ma:  0.8567) | lr: 0.000427 | time/batch(avg):  0.43s | mem: 3.83GB/15.17GB
2025-12-05 01:14:29,595 [INFO] ✓ New best checkpoint saved (PER: 0.7648)
2025-12-05 01:15:05,262 [INFO] batch   900 | loss:  2.9529 | per:  0.7184 (ma:  0.8429) | lr: 0.000480 | time/batch(avg):  0.43s | mem: 3.82GB/15.17GB
2025-12-05 01:15:12,503 [INFO] ✓ New best checkpoint saved (PER: 0.7184)
2025-12-05 01:15:48,238 [INFO] batch  1000 | loss:  2.5265 | per:  0.6707 (ma:  0.8272) | lr: 0.000533 | time/batch(avg):  0.43s | mem: 3.82GB/15.17GB
2025-12-05 01:15:55,493 [INFO] ✓ New best checkpoint saved (PER: 0.6707)
2025-12-05 01:16:30,865 [INFO] batch  1100 | loss:  2.1914 | per:  0.6172 (ma:  0.8097) | lr: 0.000587 | time/batch(avg):  0.43s | mem: 3.83GB/15.17GB
2025-12-05 01:16:38,129 [INFO] ✓ New best checkpoint saved (PER: 0.6172)
2025-12-05 01:17:13,602 [INFO] batch  1200 | loss:  1.9210 | per:  0.5592 (ma:  0.7904) | lr: 0.000640 | time/batch(avg):  0.43s | mem: 3.82GB/15.17GB
2025-12-05 01:17:20,787 [INFO] ✓ New best checkpoint saved (PER: 0.5592)
2025-12-05 01:17:56,147 [INFO] batch  1300 | loss:  1.6981 | per:  0.4982 (ma:  0.7696) | lr: 0.000693 | time/batch(avg):  0.43s | mem: 3.82GB/15.11GB
2025-12-05 01:18:03,427 [INFO] ✓ New best checkpoint saved (PER: 0.4982)
2025-12-05 01:18:39,388 [INFO] batch  1400 | loss:  1.5116 | per:  0.4384 (ma:  0.7475) | lr: 0.000747 | time/batch(avg):  0.43s | mem: 3.83GB/15.03GB
2025-12-05 01:18:46,700 [INFO] ✓ New best checkpoint saved (PER: 0.4384)
2025-12-05 01:19:21,836 [INFO] batch  1500 | loss:  1.3564 | per:  0.3897 (ma:  0.7251) | lr: 0.000800 | time/batch(avg):  0.42s | mem: 3.82GB/14.87GB
2025-12-05 01:19:29,100 [INFO] ✓ New best checkpoint saved (PER: 0.3897)
2025-12-05 01:20:05,249 [INFO] batch  1600 | loss:  1.2305 | per:  0.3529 (ma:  0.7032) | lr: 0.000853 | time/batch(avg):  0.43s | mem: 3.83GB/14.71GB
2025-12-05 01:20:12,523 [INFO] ✓ New best checkpoint saved (PER: 0.3529)
2025-12-05 01:20:48,585 [INFO] batch  1700 | loss:  1.1284 | per:  0.3221 (ma:  0.6820) | lr: 0.000907 | time/batch(avg):  0.43s | mem: 3.82GB/15.25GB
2025-12-05 01:20:55,853 [INFO] ✓ New best checkpoint saved (PER: 0.3221)
2025-12-05 01:21:31,292 [INFO] batch  1800 | loss:  1.0475 | per:  0.2989 (ma:  0.6619) | lr: 0.000960 | time/batch(avg):  0.43s | mem: 3.83GB/15.25GB
2025-12-05 01:21:38,632 [INFO] ✓ New best checkpoint saved (PER: 0.2989)
2025-12-05 01:22:14,646 [INFO] batch  1900 | loss:  0.9810 | per:  0.2813 (ma:  0.6429) | lr: 0.001013 | time/batch(avg):  0.43s | mem: 3.82GB/15.25GB
2025-12-05 01:22:21,975 [INFO] ✓ New best checkpoint saved (PER: 0.2813)
2025-12-05 01:22:57,726 [INFO] batch  2000 | loss:  0.9287 | per:  0.2663 (ma:  0.6249) | lr: 0.001067 | time/batch(avg):  0.43s | mem: 3.82GB/15.25GB
2025-12-05 01:23:04,982 [INFO] ✓ New best checkpoint saved (PER: 0.2663)
2025-12-05 01:23:41,479 [INFO] batch  2100 | loss:  0.8883 | per:  0.2551 (ma:  0.6081) | lr: 0.001120 | time/batch(avg):  0.44s | mem: 3.83GB/15.25GB
2025-12-05 01:23:48,738 [INFO] ✓ New best checkpoint saved (PER: 0.2551)
2025-12-05 01:24:24,916 [INFO] batch  2200 | loss:  0.8567 | per:  0.2445 (ma:  0.5923) | lr: 0.001173 | time/batch(avg):  0.43s | mem: 3.82GB/15.25GB
2025-12-05 01:24:32,163 [INFO] ✓ New best checkpoint saved (PER: 0.2445)
2025-12-05 01:25:08,173 [INFO] batch  2300 | loss:  0.8324 | per:  0.2378 (ma:  0.5775) | lr: 0.001227 | time/batch(avg):  0.43s | mem: 3.81GB/15.25GB
2025-12-05 01:25:15,374 [INFO] ✓ New best checkpoint saved (PER: 0.2378)
2025-12-05 01:25:51,605 [INFO] batch  2400 | loss:  0.8127 | per:  0.2322 (ma:  0.5637) | lr: 0.001280 | time/batch(avg):  0.43s | mem: 3.82GB/15.25GB
2025-12-05 01:25:58,955 [INFO] ✓ New best checkpoint saved (PER: 0.2322)
2025-12-05 01:26:34,545 [INFO] batch  2500 | loss:  0.7983 | per:  0.2276 (ma:  0.5508) | lr: 0.001333 | time/batch(avg):  0.43s | mem: 3.82GB/15.25GB
2025-12-05 01:26:41,836 [INFO] ✓ New best checkpoint saved (PER: 0.2276)
2025-12-05 01:27:18,296 [INFO] batch  2600 | loss:  0.7878 | per:  0.2250 (ma:  0.5387) | lr: 0.001387 | time/batch(avg):  0.44s | mem: 3.82GB/15.25GB
2025-12-05 01:27:25,599 [INFO] ✓ New best checkpoint saved (PER: 0.2250)
2025-12-05 01:28:01,713 [INFO] batch  2700 | loss:  0.7813 | per:  0.2221 (ma:  0.5274) | lr: 0.001440 | time/batch(avg):  0.43s | mem: 3.83GB/15.25GB
2025-12-05 01:28:08,932 [INFO] ✓ New best checkpoint saved (PER: 0.2221)
2025-12-05 01:28:44,827 [INFO] batch  2800 | loss:  0.7772 | per:  0.2204 (ma:  0.5168) | lr: 0.001493 | time/batch(avg):  0.43s | mem: 3.81GB/15.25GB
2025-12-05 01:28:52,069 [INFO] ✓ New best checkpoint saved (PER: 0.2204)
2025-12-05 01:29:28,965 [INFO] batch  2900 | loss:  0.7749 | per:  0.2206 (ma:  0.5070) | lr: 0.001547 | time/batch(avg):  0.44s | mem: 3.82GB/15.25GB
/opt/conda/lib/python3.10/site-packages/torch/optim/lr_scheduler.py:198: UserWarning: The epoch parameter in `scheduler.step()` was not necessary and is being deprecated where possible. Please use `scheduler.step()` to step the scheduler. During the deprecation, if epoch is different from None, the closed form is used instead of the new chainable form, where available. Please open an issue if you are unable to replicate your use case: https://github.com/pytorch/pytorch/issues/new/choose.
  warnings.warn(EPOCH_DEPRECATION_WARNING, UserWarning)
2025-12-05 01:30:04,253 [INFO] batch  3000 | loss:  0.7744 | per:  0.2194 (ma:  0.4977) | lr: 0.001600 | time/batch(avg):  0.35s | mem: 3.82GB/15.25GB
2025-12-05 01:30:11,534 [INFO] ✓ New best checkpoint saved (PER: 0.2194)
2025-12-05 01:30:47,391 [INFO] batch  3100 | loss:  0.7759 | per:  0.2181 (ma:  0.4889) | lr: 0.001600 | time/batch(avg):  0.43s | mem: 3.82GB/15.25GB
2025-12-05 01:30:54,659 [INFO] ✓ New best checkpoint saved (PER: 0.2181)
2025-12-05 01:31:30,525 [INFO] batch  3200 | loss:  0.7798 | per:  0.2174 (ma:  0.4807) | lr: 0.001600 | time/batch(avg):  0.43s | mem: 3.82GB/15.25GB
2025-12-05 01:31:37,795 [INFO] ✓ New best checkpoint saved (PER: 0.2174)
2025-12-05 01:32:13,707 [INFO] batch  3300 | loss:  0.7846 | per:  0.2176 (ma:  0.4730) | lr: 0.001599 | time/batch(avg):  0.43s | mem: 3.82GB/15.25GB
2025-12-05 01:32:49,524 [INFO] batch  3400 | loss:  0.7907 | per:  0.2193 (ma:  0.4657) | lr: 0.001599 | time/batch(avg):  0.36s | mem: 3.82GB/15.25GB
2025-12-05 01:33:25,719 [INFO] batch  3500 | loss:  0.7955 | per:  0.2197 (ma:  0.4589) | lr: 0.001598 | time/batch(avg):  0.36s | mem: 3.82GB/15.25GB
2025-12-05 01:34:01,472 [INFO] batch  3600 | loss:  0.8007 | per:  0.2203 (ma:  0.4524) | lr: 0.001597 | time/batch(avg):  0.36s | mem: 3.82GB/15.25GB
2025-12-05 01:34:37,523 [INFO] batch  3700 | loss:  0.8071 | per:  0.2218 (ma:  0.4464) | lr: 0.001596 | time/batch(avg):  0.36s | mem: 3.82GB/15.20GB
2025-12-05 01:35:13,430 [INFO] batch  3800 | loss:  0.8115 | per:  0.2227 (ma:  0.4406) | lr: 0.001594 | time/batch(avg):  0.36s | mem: 3.82GB/15.12GB
2025-12-05 01:35:48,867 [INFO] batch  3900 | loss:  0.8164 | per:  0.2229 (ma:  0.4352) | lr: 0.001593 | time/batch(avg):  0.35s | mem: 3.83GB/15.12GB
2025-12-05 01:36:24,919 [INFO] batch  4000 | loss:  0.8238 | per:  0.2238 (ma:  0.4300) | lr: 0.001591 | time/batch(avg):  0.36s | mem: 3.82GB/15.12GB
2025-12-05 01:37:01,211 [INFO] batch  4100 | loss:  0.8309 | per:  0.2244 (ma:  0.4251) | lr: 0.001589 | time/batch(avg):  0.36s | mem: 3.81GB/15.12GB
2025-12-05 01:37:36,911 [INFO] batch  4200 | loss:  0.8366 | per:  0.2254 (ma:  0.4205) | lr: 0.001587 | time/batch(avg):  0.36s | mem: 3.82GB/15.12GB
2025-12-05 01:38:13,068 [INFO] batch  4300 | loss:  0.8435 | per:  0.2267 (ma:  0.4161) | lr: 0.001585 | time/batch(avg):  0.36s | mem: 3.82GB/15.08GB
2025-12-05 01:38:49,283 [INFO] batch  4400 | loss:  0.8493 | per:  0.2255 (ma:  0.4119) | lr: 0.001583 | time/batch(avg):  0.36s | mem: 3.83GB/14.99GB
2025-12-05 01:39:24,883 [INFO] batch  4500 | loss:  0.8553 | per:  0.2273 (ma:  0.4078) | lr: 0.001580 | time/batch(avg):  0.36s | mem: 3.82GB/14.99GB
2025-12-05 01:40:00,526 [INFO] batch  4600 | loss:  0.8599 | per:  0.2270 (ma:  0.4040) | lr: 0.001577 | time/batch(avg):  0.36s | mem: 3.82GB/14.99GB
2025-12-05 01:40:36,457 [INFO] batch  4700 | loss:  0.8647 | per:  0.2275 (ma:  0.4003) | lr: 0.001574 | time/batch(avg):  0.36s | mem: 3.82GB/14.99GB
2025-12-05 01:41:12,682 [INFO] batch  4800 | loss:  0.8701 | per:  0.2278 (ma:  0.3968) | lr: 0.001571 | time/batch(avg):  0.36s | mem: 3.82GB/14.99GB
2025-12-05 01:41:48,787 [INFO] batch  4900 | loss:  0.8738 | per:  0.2293 (ma:  0.3934) | lr: 0.001568 | time/batch(avg):  0.36s | mem: 3.83GB/14.99GB
2025-12-05 01:42:24,680 [INFO] batch  5000 | loss:  0.8772 | per:  0.2304 (ma:  0.3902) | lr: 0.001565 | time/batch(avg):  0.36s | mem: 3.82GB/14.99GB
2025-12-05 01:43:00,548 [INFO] batch  5100 | loss:  0.8801 | per:  0.2294 (ma:  0.3872) | lr: 0.001561 | time/batch(avg):  0.36s | mem: 3.82GB/14.99GB
2025-12-05 01:43:36,583 [INFO] batch  5200 | loss:  0.8844 | per:  0.2293 (ma:  0.3842) | lr: 0.001557 | time/batch(avg):  0.36s | mem: 3.82GB/14.99GB
2025-12-05 01:44:12,490 [INFO] batch  5300 | loss:  0.8895 | per:  0.2298 (ma:  0.3813) | lr: 0.001553 | time/batch(avg):  0.36s | mem: 3.82GB/14.99GB
2025-12-05 01:44:48,895 [INFO] batch  5400 | loss:  0.8937 | per:  0.2298 (ma:  0.3786) | lr: 0.001549 | time/batch(avg):  0.36s | mem: 3.82GB/14.99GB
2025-12-05 01:45:24,410 [INFO] batch  5500 | loss:  0.8990 | per:  0.2319 (ma:  0.3759) | lr: 0.001545 | time/batch(avg):  0.36s | mem: 3.82GB/14.99GB
2025-12-05 01:46:00,234 [INFO] batch  5600 | loss:  0.9036 | per:  0.2326 (ma:  0.3734) | lr: 0.001541 | time/batch(avg):  0.36s | mem: 3.82GB/14.99GB
2025-12-05 01:46:35,943 [INFO] batch  5700 | loss:  0.9075 | per:  0.2348 (ma:  0.3710) | lr: 0.001536 | time/batch(avg):  0.36s | mem: 3.82GB/14.99GB
2025-12-05 01:47:12,570 [INFO] batch  5800 | loss:  0.9105 | per:  0.2334 (ma:  0.3687) | lr: 0.001531 | time/batch(avg):  0.37s | mem: 3.82GB/14.99GB
2025-12-05 01:47:48,539 [INFO] batch  5900 | loss:  0.9155 | per:  0.2345 (ma:  0.3665) | lr: 0.001526 | time/batch(avg):  0.36s | mem: 3.82GB/14.99GB
2025-12-05 01:48:24,262 [INFO] batch  6000 | loss:  0.9209 | per:  0.2350 (ma:  0.3643) | lr: 0.001521 | time/batch(avg):  0.36s | mem: 3.82GB/14.99GB
2025-12-05 01:49:00,106 [INFO] batch  6100 | loss:  0.9255 | per:  0.2361 (ma:  0.3622) | lr: 0.001516 | time/batch(avg):  0.36s | mem: 3.82GB/14.99GB
2025-12-05 01:49:35,631 [INFO] batch  6200 | loss:  0.9291 | per:  0.2354 (ma:  0.3602) | lr: 0.001511 | time/batch(avg):  0.36s | mem: 3.82GB/14.99GB
2025-12-05 01:50:11,825 [INFO] batch  6300 | loss:  0.9321 | per:  0.2357 (ma:  0.3583) | lr: 0.001505 | time/batch(avg):  0.36s | mem: 3.83GB/14.99GB
2025-12-05 01:50:47,632 [INFO] batch  6400 | loss:  0.9353 | per:  0.2366 (ma:  0.3564) | lr: 0.001499 | time/batch(avg):  0.36s | mem: 3.83GB/14.99GB
2025-12-05 01:51:23,922 [INFO] batch  6500 | loss:  0.9389 | per:  0.2371 (ma:  0.3546) | lr: 0.001493 | time/batch(avg):  0.36s | mem: 3.81GB/14.99GB
2025-12-05 01:51:59,754 [INFO] batch  6600 | loss:  0.9436 | per:  0.2382 (ma:  0.3529) | lr: 0.001487 | time/batch(avg):  0.36s | mem: 3.82GB/14.99GB
2025-12-05 01:52:35,127 [INFO] batch  6700 | loss:  0.9493 | per:  0.2384 (ma:  0.3512) | lr: 0.001481 | time/batch(avg):  0.35s | mem: 3.82GB/14.99GB
2025-12-05 01:53:11,362 [INFO] batch  6800 | loss:  0.9536 | per:  0.2390 (ma:  0.3496) | lr: 0.001475 | time/batch(avg):  0.36s | mem: 3.82GB/14.99GB
2025-12-05 01:53:47,603 [INFO] batch  6900 | loss:  0.9574 | per:  0.2408 (ma:  0.3480) | lr: 0.001468 | time/batch(avg):  0.36s | mem: 3.82GB/14.99GB
2025-12-05 01:54:23,597 [INFO] batch  7000 | loss:  0.9619 | per:  0.2409 (ma:  0.3465) | lr: 0.001462 | time/batch(avg):  0.36s | mem: 3.82GB/14.99GB
2025-12-05 01:54:59,521 [INFO] batch  7100 | loss:  0.9655 | per:  0.2420 (ma:  0.3450) | lr: 0.001455 | time/batch(avg):  0.36s | mem: 3.82GB/14.99GB
2025-12-05 01:55:35,586 [INFO] batch  7200 | loss:  0.9697 | per:  0.2422 (ma:  0.3436) | lr: 0.001448 | time/batch(avg):  0.36s | mem: 3.83GB/14.99GB
2025-12-05 01:56:11,242 [INFO] batch  7300 | loss:  0.9726 | per:  0.2440 (ma:  0.3423) | lr: 0.001441 | time/batch(avg):  0.36s | mem: 3.82GB/14.99GB
2025-12-05 01:56:47,119 [INFO] batch  7400 | loss:  0.9769 | per:  0.2445 (ma:  0.3410) | lr: 0.001434 | time/batch(avg):  0.36s | mem: 3.82GB/14.99GB
2025-12-05 01:57:22,852 [INFO] batch  7500 | loss:  0.9781 | per:  0.2435 (ma:  0.3397) | lr: 0.001426 | time/batch(avg):  0.36s | mem: 3.82GB/14.99GB
2025-12-05 01:57:58,794 [INFO] batch  7600 | loss:  0.9822 | per:  0.2436 (ma:  0.3385) | lr: 0.001419 | time/batch(avg):  0.36s | mem: 3.82GB/14.99GB
2025-12-05 01:58:34,921 [INFO] batch  7700 | loss:  0.9858 | per:  0.2439 (ma:  0.3372) | lr: 0.001411 | time/batch(avg):  0.36s | mem: 3.83GB/15.00GB
2025-12-05 01:59:10,653 [INFO] batch  7800 | loss:  0.9876 | per:  0.2434 (ma:  0.3361) | lr: 0.001403 | time/batch(avg):  0.36s | mem: 3.82GB/15.00GB
2025-12-05 01:59:47,135 [INFO] batch  7900 | loss:  0.9890 | per:  0.2432 (ma:  0.3349) | lr: 0.001396 | time/batch(avg):  0.36s | mem: 3.82GB/15.00GB
2025-12-05 02:00:22,782 [INFO] batch  8000 | loss:  0.9906 | per:  0.2442 (ma:  0.3338) | lr: 0.001388 | time/batch(avg):  0.36s | mem: 3.83GB/15.00GB
2025-12-05 02:00:58,783 [INFO] batch  8100 | loss:  0.9923 | per:  0.2448 (ma:  0.3327) | lr: 0.001379 | time/batch(avg):  0.36s | mem: 3.83GB/15.00GB
2025-12-05 02:01:34,741 [INFO] batch  8200 | loss:  0.9953 | per:  0.2459 (ma:  0.3316) | lr: 0.001371 | time/batch(avg):  0.36s | mem: 3.83GB/15.00GB
2025-12-05 02:02:10,541 [INFO] batch  8300 | loss:  0.9984 | per:  0.2462 (ma:  0.3306) | lr: 0.001363 | time/batch(avg):  0.36s | mem: 3.82GB/15.00GB
2025-12-05 02:02:46,187 [INFO] batch  8400 | loss:  0.9989 | per:  0.2451 (ma:  0.3296) | lr: 0.001354 | time/batch(avg):  0.36s | mem: 3.83GB/15.00GB
2025-12-05 02:03:21,909 [INFO] batch  8500 | loss:  1.0023 | per:  0.2458 (ma:  0.3286) | lr: 0.001345 | time/batch(avg):  0.36s | mem: 3.83GB/15.00GB
2025-12-05 02:03:58,159 [INFO] batch  8600 | loss:  1.0049 | per:  0.2458 (ma:  0.3277) | lr: 0.001337 | time/batch(avg):  0.36s | mem: 3.82GB/15.00GB
2025-12-05 02:04:33,390 [INFO] batch  8700 | loss:  1.0054 | per:  0.2459 (ma:  0.3268) | lr: 0.001328 | time/batch(avg):  0.35s | mem: 3.82GB/15.00GB
2025-12-05 02:05:09,397 [INFO] batch  8800 | loss:  1.0049 | per:  0.2449 (ma:  0.3258) | lr: 0.001319 | time/batch(avg):  0.36s | mem: 3.82GB/15.00GB
2025-12-05 02:05:45,538 [INFO] batch  8900 | loss:  1.0061 | per:  0.2451 (ma:  0.3250) | lr: 0.001310 | time/batch(avg):  0.36s | mem: 3.82GB/15.00GB
2025-12-05 02:06:21,438 [INFO] batch  9000 | loss:  1.0098 | per:  0.2462 (ma:  0.3241) | lr: 0.001300 | time/batch(avg):  0.36s | mem: 3.82GB/15.00GB
2025-12-05 02:06:57,921 [INFO] batch  9100 | loss:  1.0135 | per:  0.2456 (ma:  0.3232) | lr: 0.001291 | time/batch(avg):  0.36s | mem: 3.82GB/15.00GB
2025-12-05 02:07:33,636 [INFO] batch  9200 | loss:  1.0157 | per:  0.2454 (ma:  0.3224) | lr: 0.001281 | time/batch(avg):  0.36s | mem: 3.83GB/15.00GB
2025-12-05 02:08:09,829 [INFO] batch  9300 | loss:  1.0175 | per:  0.2461 (ma:  0.3216) | lr: 0.001272 | time/batch(avg):  0.36s | mem: 3.83GB/15.00GB
2025-12-05 02:08:46,158 [INFO] batch  9400 | loss:  1.0202 | per:  0.2455 (ma:  0.3208) | lr: 0.001262 | time/batch(avg):  0.36s | mem: 3.83GB/15.00GB
2025-12-05 02:09:22,731 [INFO] batch  9500 | loss:  1.0238 | per:  0.2447 (ma:  0.3200) | lr: 0.001252 | time/batch(avg):  0.37s | mem: 3.83GB/15.00GB
2025-12-05 02:09:58,486 [INFO] batch  9600 | loss:  1.0261 | per:  0.2438 (ma:  0.3192) | lr: 0.001243 | time/batch(avg):  0.36s | mem: 3.82GB/15.00GB
2025-12-05 02:10:34,154 [INFO] batch  9700 | loss:  1.0276 | per:  0.2443 (ma:  0.3184) | lr: 0.001233 | time/batch(avg):  0.36s | mem: 3.82GB/15.00GB
2025-12-05 02:11:10,790 [INFO] batch  9800 | loss:  1.0282 | per:  0.2458 (ma:  0.3177) | lr: 0.001222 | time/batch(avg):  0.37s | mem: 3.83GB/15.00GB
2025-12-05 02:11:46,581 [INFO] batch  9900 | loss:  1.0305 | per:  0.2452 (ma:  0.3170) | lr: 0.001212 | time/batch(avg):  0.36s | mem: 3.82GB/15.00GB
2025-12-05 02:12:22,612 [INFO] batch 10000 | loss:  1.0335 | per:  0.2462 (ma:  0.3163) | lr: 0.001202 | time/batch(avg):  0.36s | mem: 3.82GB/15.00GB
2025-12-05 02:12:58,597 [INFO] batch 10100 | loss:  1.0357 | per:  0.2464 (ma:  0.3156) | lr: 0.001192 | time/batch(avg):  0.36s | mem: 3.83GB/15.00GB
2025-12-05 16:50:03,407 [INFO] Enabled TF32 for faster FP32 matmuls (Ampere+ GPUs)
2025-12-05 16:50:03,408 [INFO] ================================================================================
2025-12-05 16:50:03,408 [INFO] Starting training run
2025-12-05 16:50:03,409 [INFO] ================================================================================
2025-12-05 16:50:03,409 [INFO] Run Number: 16
2025-12-05 16:50:03,409 [INFO] Run Name: run16_greedy_ema_warmcos
2025-12-05 16:50:03,409 [INFO] Run Purpose: Greedy-only: Warmup→Cosine, EMA=0.999, bf16/amp, grad_accum=2, clip=1.0. Slightly higher peak LR and longer cosine tail to reduce PER without beam.
2025-12-05 16:50:03,412 [INFO] Output directory: /home/bciuser/projects/neural_seq_decoder/data/checkpoints/run16_greedy_ema_warmcos
2025-12-05 16:50:03,412 [INFO] Dataset path: /home/bciuser/projects/neural_seq_decoder/data/formatted/ptDecoder_ctc
2025-12-05 16:50:03,412 [INFO] Batch size: 32
2025-12-05 16:50:03,412 [INFO] Total batches: 12000
2025-12-05 16:50:03,412 [INFO] Seed: 0
2025-12-05 16:50:21,643 [INFO] Dataset loaded: 24 training days
2025-12-05 16:50:21,643 [INFO] Training samples: 8800
2025-12-05 16:50:21,643 [INFO] Test samples: 880
2025-12-05 16:50:21,644 [INFO] ================================================================================
2025-12-05 16:50:21,644 [INFO] Model Architecture
2025-12-05 16:50:21,644 [INFO] ================================================================================
2025-12-05 16:50:21,644 [INFO] Input features: 256
2025-12-05 16:50:21,644 [INFO] Hidden units: 1024
2025-12-05 16:50:21,644 [INFO] GRU layers: 5
2025-12-05 16:50:21,644 [INFO] Output classes: 40 (+ 1 blank = 41)
2025-12-05 16:50:21,644 [INFO] Days (per-day embeddings): 24
2025-12-05 16:50:21,644 [INFO] Dropout: 0.4
2025-12-05 16:50:21,644 [INFO] Input dropout: 0.0
2025-12-05 16:50:21,645 [INFO] Layer norm: True
2025-12-05 16:50:21,645 [INFO] Bidirectional: True
2025-12-05 16:50:21,645 [INFO] Stride length: 4, Kernel length: 32
2025-12-05 16:50:25,342 [INFO] Enabled cuDNN benchmark for faster training
2025-12-05 16:50:25,342 [INFO] Total parameters: 135,424,553 (135.42M)
2025-12-05 16:50:25,342 [INFO] Trainable parameters: 135,424,553
2025-12-05 16:50:25,343 [INFO] ================================================================================
2025-12-05 16:50:25,343 [INFO] CTC Sanity Checks
2025-12-05 16:50:25,343 [INFO] ================================================================================
2025-12-05 16:50:25,343 [INFO] ✓ CTCLoss blank index: 0
2025-12-05 16:50:25,779 [INFO] ✓ T_eff calculation verified (min=31, max=150)
2025-12-05 16:50:25,851 [INFO] ✓ Labels verified: no blanks in valid spans (labels>=1)
2025-12-05 16:50:25,851 [INFO] ✓ Input lengths: min=157, max=633
2025-12-05 16:50:25,852 [INFO] ✓ Target lengths: min=11, max=58
2025-12-05 16:50:25,852 [INFO] ✓ T_eff lengths: min=31, max=150
2025-12-05 16:50:25,853 [INFO] Using mixed precision BF16 (Ampere+)
2025-12-05 16:50:25,854 [INFO]   Safety: log_softmax + CTCLoss computed in FP32
2025-12-05 16:50:28,150 [INFO] EMA enabled: decay=0.999
2025-12-05 16:50:28,151 [INFO] ================================================================================
2025-12-05 16:50:28,151 [INFO] Training Configuration
2025-12-05 16:50:28,151 [INFO] ================================================================================
2025-12-05 16:50:28,151 [INFO] Optimizer: ADAM
2025-12-05 16:50:28,151 [INFO] Peak LR: 0.0016 | End LR: 8e-06
2025-12-05 16:50:28,151 [INFO] Warmup steps: 1500 | Cosine steps: 10500
2025-12-05 16:50:28,151 [INFO] Weight decay: 1e-05
2025-12-05 16:50:28,151 [INFO] Gradient clipping: max_norm=1.0
2025-12-05 16:50:28,151 [INFO] CTC Decoding: Greedy (no beam)
2025-12-05 16:50:28,151 [INFO] Gradient accumulation: 2 steps (effective batch size: 64)
2025-12-05 16:50:35,982 [INFO] batch     0 | loss:  6.8382 | per:  0.9066 (ma:  0.9066) | lr: 0.000000 | time/batch(avg):  0.08s | mem: 2.23GB/8.33GB
